<?xml version="1.0" encoding="UTF-8"?>
<!-- Generated by org.testng.reporters.JUnitReportReporter -->
<testsuite hostname="LAPTOP-637D0VS7" name="com.uniqlo.Assignment1.Test.TC_05_DatePicker" tests="1" failures="0" timestamp="21 Jun 2020 16:54:07 GMT" time="36.660" errors="0">
  <testcase name="DatePicker" time="36.660" classname="com.uniqlo.Assignment1.Test.TC_05_DatePicker"/>
</testsuite> <!-- com.uniqlo.Assignment1.Test.TC_05_DatePicker -->
