<?xml version="1.0" encoding="UTF-8"?>
<!-- Generated by org.testng.reporters.JUnitReportReporter -->
<testsuite hostname="LAPTOP-637D0VS7" name="com.uniqlo.Assignment1.Test.TC_01_Register" tests="2" failures="0" timestamp="21 Jun 2020 16:56:27 GMT" time="61.975" errors="0">
  <testcase name="Register" time="30.711" classname="com.uniqlo.Assignment1.Test.TC_01_Register"/>
  <testcase name="Register" time="31.264" classname="com.uniqlo.Assignment1.Test.TC_01_Register"/>
</testsuite> <!-- com.uniqlo.Assignment1.Test.TC_01_Register -->
