<?xml version="1.0" encoding="UTF-8"?>
<!-- Generated by org.testng.reporters.JUnitReportReporter -->
<testsuite hostname="LAPTOP-637D0VS7" name="com.uniqlo.Assignment1.Test.TC_07_Login_India" tests="2" failures="0" timestamp="19 Jun 2020 11:09:50 GMT" time="95.842" errors="0">
  <testcase name="Login" time="48.692" classname="com.uniqlo.Assignment1.Test.TC_07_Login_India"/>
  <testcase name="Register" time="47.150" classname="com.uniqlo.Assignment1.Test.TC_07_Login_India"/>
</testsuite> <!-- com.uniqlo.Assignment1.Test.TC_07_Login_India -->
