<?xml version="1.0" encoding="UTF-8"?>
<!-- Generated by org.testng.reporters.JUnitReportReporter -->
<testsuite hostname="LAPTOP-637D0VS7" name="com.uniqlo.Assignment1.Test.TC_06_Selectable" tests="1" failures="0" timestamp="21 Jun 2020 16:55:00 GMT" time="28.475" errors="0">
  <testcase name="selectable" time="28.475" classname="com.uniqlo.Assignment1.Test.TC_06_Selectable"/>
</testsuite> <!-- com.uniqlo.Assignment1.Test.TC_06_Selectable -->
