<?xml version="1.0" encoding="UTF-8"?>
<!-- Generated by org.testng.reporters.JUnitReportReporter -->
<testsuite hostname="LAPTOP-637D0VS7" name="com.uniqlo.Assignment1.Test.TC_02_Alert" tests="1" failures="0" timestamp="21 Jun 2020 16:49:55 GMT" time="99.610" errors="0">
  <testcase name="Alert" time="99.610" classname="com.uniqlo.Assignment1.Test.TC_02_Alert"/>
</testsuite> <!-- com.uniqlo.Assignment1.Test.TC_02_Alert -->
