<?xml version="1.0" encoding="UTF-8"?>
<!-- Generated by org.testng.reporters.JUnitReportReporter -->
<testsuite hostname="LAPTOP-637D0VS7" name="com.uniqlo.Assignment1.Test.TC_09_Goibibo" tests="1" failures="0" timestamp="18 Jun 2020 17:18:58 GMT" time="52.187" errors="0">
  <testcase name="Goibibo" time="52.187" classname="com.uniqlo.Assignment1.Test.TC_09_Goibibo"/>
</testsuite> <!-- com.uniqlo.Assignment1.Test.TC_09_Goibibo -->
